<?xml version="1.0" encoding="UTF-8"?>
<!-- Generated by org.testng.reporters.JUnitReportReporter -->
<testsuite hostname="Newt-Rnt06" name="sampleGooglePackage.sampleProject.sampleGoogleLauncherTest" tests="1" failures="0" timestamp="8 May 2016 08:55:57 GMT" time="15.757" errors="0">
  <testcase name="testMethod" time="15.757" classname="sampleGooglePackage.sampleProject.sampleGoogleLauncherTest"/>
</testsuite> <!-- sampleGooglePackage.sampleProject.sampleGoogleLauncherTest -->
